[INFO] 23:01:29:820 Servidor/(110987:110987): Servidor listo para recibir al cliente
[INFO] 23:15:30:224 Servidor/(110987:110987): Se conecto un cliente!
[INFO] 23:15:30:225 Servidor/(110987:110987): Me llego el mensaje probando envio
[ERROR] 23:15:30:496 Servidor/(110987:110987): el cliente se desconecto. Terminando servidor
[INFO] 23:21:29:891 Servidor/(111558:111558): Servidor listo para recibir al cliente
[INFO] 23:22:32:565 Servidor/(111558:111558): Se conecto un cliente!
[INFO] 23:22:32:565 Servidor/(111558:111558): Me llego el mensaje probando envio
[ERROR] 23:22:32:748 Servidor/(111558:111558): el cliente se desconecto. Terminando servidor
[INFO] 23:22:44:405 Servidor/(111614:111614): Servidor listo para recibir al cliente
[INFO] 23:23:09:093 Servidor/(111614:111614): Se conecto un cliente!
[INFO] 23:23:09:093 Servidor/(111614:111614): Me llego el mensaje probando envio
[ERROR] 23:23:09:226 Servidor/(111614:111614): el cliente se desconecto. Terminando servidor
[INFO] 21:26:35:816 Servidor/(1776:1776): Servidor listo para recibir al cliente
[INFO] 21:32:03:401 Servidor/(1776:1776): Se conecto un cliente!
[INFO] 21:32:03:402 Servidor/(1776:1776): Me llego el mensaje probando envio
[ERROR] 21:32:03:694 Servidor/(1776:1776): el cliente se desconecto. Terminando servidor
[INFO] 21:44:35:141 Servidor/(2103:2103): Servidor listo para recibir al cliente
[INFO] 21:44:55:829 Servidor/(2103:2103): Se conecto un cliente!
[INFO] 21:44:55:829 Servidor/(2103:2103): Me llego el mensaje valor
[ERROR] 21:44:56:089 Servidor/(2103:2103): el cliente se desconecto. Terminando servidor
[INFO] 21:51:00:741 Servidor/(2200:2200): Servidor listo para recibir al cliente
[INFO] 21:51:50:878 Servidor/(2208:2208): Servidor listo para recibir al cliente
[INFO] 21:52:43:815 Servidor/(2208:2208): Se conecto un cliente!
[INFO] 21:52:43:816 Servidor/(2208:2208): Me llego el mensaje valor
[ERROR] 21:52:44:376 Servidor/(2208:2208): el cliente se desconecto. Terminando servidor
[INFO] 22:09:39:536 Servidor/(2427:2427): Servidor listo para recibir al cliente
[INFO] 22:09:56:365 Servidor/(2427:2427): Se conecto un cliente!
[INFO] 22:09:56:365 Servidor/(2427:2427): Me llego el mensaje valor
[INFO] 22:09:56:365 Servidor/(2427:2427): Me llego el mensaje hola
[ERROR] 22:09:56:660 Servidor/(2427:2427): el cliente se desconecto. Terminando servidor
[INFO] 22:41:47:437 Servidor/(2680:2680): Servidor listo para recibir al cliente
[INFO] 22:42:04:013 Servidor/(2680:2680): Se conecto un cliente!
[INFO] 22:42:04:013 Servidor/(2680:2680): Me llego el mensaje valor
[INFO] 22:42:04:013 Servidor/(2680:2680): Me llego el mensaje hola
[ERROR] 22:42:04:239 Servidor/(2680:2680): el cliente se desconecto. Terminando servidor
[INFO] 23:02:50:450 Servidor/(3916:3916): Servidor listo para recibir al cliente
[INFO] 23:09:59:340 Servidor/(3916:3916): Se conecto un cliente!
[INFO] 23:09:59:340 Servidor/(3916:3916): Me llego el mensaje valor
[INFO] 23:09:59:341 Servidor/(3916:3916): Me llego el mensaje hola
[INFO] 23:10:00:597 Servidor/(3916:3916): Me llegaron los siguientes valores:

[ERROR] 23:10:00:600 Servidor/(3916:3916): el cliente se desconecto. Terminando servidor
[INFO] 23:18:42:458 Servidor/(4479:4479): Servidor listo para recibir al cliente
[INFO] 23:19:51:810 Servidor/(4479:4479): Se conecto un cliente!
[INFO] 23:19:51:810 Servidor/(4479:4479): Me llego el mensaje valor
[INFO] 23:19:51:811 Servidor/(4479:4479): Me llego el mensaje hola
[INFO] 23:19:53:161 Servidor/(4479:4479): Me llegaron los siguientes valores:

[ERROR] 23:19:53:162 Servidor/(4479:4479): el cliente se desconecto. Terminando servidor
[INFO] 23:22:02:257 Servidor/(4645:4645): Servidor listo para recibir al cliente
[INFO] 23:22:20:799 Servidor/(4645:4645): Se conecto un cliente!
[INFO] 23:22:20:800 Servidor/(4645:4645): Me llego el mensaje valor
[INFO] 23:22:20:800 Servidor/(4645:4645): Me llego el mensaje hola
[INFO] 23:22:26:968 Servidor/(4645:4645): Me llegaron los siguientes valores:

[INFO] 23:22:26:970 Servidor/(4645:4645): hola
[INFO] 23:22:26:970 Servidor/(4645:4645): dan
[ERROR] 23:22:26:970 Servidor/(4645:4645): el cliente se desconecto. Terminando servidor
[INFO] 23:23:34:197 Servidor/(4765:4765): Servidor listo para recibir al cliente
[INFO] 23:23:42:585 Servidor/(4765:4765): Se conecto un cliente!
[INFO] 23:23:42:587 Servidor/(4765:4765): Me llego el mensaje valor
[INFO] 23:23:42:587 Servidor/(4765:4765): Me llego el mensaje hola
[INFO] 23:23:46:262 Servidor/(4765:4765): Me llegaron los siguientes valores:

[INFO] 23:23:46:265 Servidor/(4765:4765): hola
[INFO] 23:23:46:266 Servidor/(4765:4765): hola
[ERROR] 23:23:46:266 Servidor/(4765:4765): el cliente se desconecto. Terminando servidor
